\BOOKMARK [1][-]{section.1}{\376\377\000C\000o\000n\000c\000e\000p\000t\000i\000o\000n}{}% 1
\BOOKMARK [2][-]{subsection.1.1}{\376\377\000I\000n\000t\000r\000o\000d\000u\000c\000t\000i\000o\000n}{section.1}% 2
\BOOKMARK [2][-]{subsection.1.2}{\376\377\000A\000r\000c\000h\000i\000t\000e\000c\000t\000u\000r\000e\000\040\000g\000l\000o\000b\000a\000l\000e}{section.1}% 3
\BOOKMARK [3][-]{subsubsection.1.2.1}{\376\377\000S\000e\000r\000v\000e\000u\000r}{subsection.1.2}% 4
\BOOKMARK [3][-]{subsubsection.1.2.2}{\376\377\000C\000l\000i\000e\000n\000t}{subsection.1.2}% 5
\BOOKMARK [3][-]{subsubsection.1.2.3}{\376\377\000M\000o\000d\000u\000l\000e\000\040\000c\000o\000m\000m\000u\000n\000\040\000\050\000c\000o\000m\000m\000o\000n\000\051}{subsection.1.2}% 6
\BOOKMARK [2][-]{subsection.1.3}{\376\377\000C\000o\000m\000p\000o\000s\000a\000n\000t\000s\000\040\000c\000l\000\351\000s}{section.1}% 7
\BOOKMARK [3][-]{subsubsection.1.3.1}{\376\377\000C\000o\000m\000p\000o\000s\000a\000n\000t\000s\000\040\000c\000o\000m\000m\000u\000n\000s\000\040\000\050\000C\000\364\000t\000\351\000\040\000C\000o\000m\000m\000o\000n\000\051}{subsection.1.3}% 8
\BOOKMARK [3][-]{subsubsection.1.3.2}{\376\377\000C\000o\000m\000p\000o\000s\000a\000n\000t\000s\000\040\000s\000e\000r\000v\000e\000u\000r}{subsection.1.3}% 9
\BOOKMARK [3][-]{subsubsection.1.3.3}{\376\377\000C\000o\000m\000p\000o\000s\000a\000n\000t\000s\000\040\000c\000l\000i\000e\000n\000t}{subsection.1.3}% 10
\BOOKMARK [3][-]{subsubsection.1.3.4}{\376\377\000R\000\351\000s\000u\000m\000\351}{subsection.1.3}% 11
\BOOKMARK [2][-]{subsection.1.4}{\376\377\000C\000o\000m\000m\000u\000n\000i\000c\000a\000t\000i\000o\000n}{section.1}% 12
\BOOKMARK [3][-]{subsubsection.1.4.1}{\376\377\000I\000n\000v\000o\000c\000a\000t\000i\000o\000n\000\040\000d\000e\000\040\000M\000\351\000t\000h\000o\000d\000e\000s\000\040\000\340\000\040\000D\000i\000s\000t\000a\000n\000c\000e}{subsection.1.4}% 13
\BOOKMARK [3][-]{subsubsection.1.4.2}{\376\377\000I\000n\000t\000e\000r\000f\000a\000c\000e\000\040\000I\000C\000a\000b\000i\000n\000e\000t\000M\000e\000d\000i\000c\000a\000l}{subsection.1.4}% 14
\BOOKMARK [3][-]{subsubsection.1.4.3}{\376\377\000T\000r\000a\000n\000s\000p\000a\000r\000e\000n\000c\000e\000\040\000d\000e\000\040\000l\000a\000\040\000C\000o\000m\000m\000u\000n\000i\000c\000a\000t\000i\000o\000n}{subsection.1.4}% 15
\BOOKMARK [3][-]{subsubsection.1.4.4}{\376\377\000R\000\351\000s\000u\000m\000\351}{subsection.1.4}% 16
\BOOKMARK [2][-]{subsection.1.5}{\376\377\000S\000\351\000c\000u\000r\000i\000t\000\351}{section.1}% 17
\BOOKMARK [3][-]{subsubsection.1.5.1}{\376\377\000P\000o\000l\000i\000t\000i\000q\000u\000e\000\040\000d\000e\000\040\000S\000\351\000c\000u\000r\000i\000t\000\351}{subsection.1.5}% 18
\BOOKMARK [3][-]{subsubsection.1.5.2}{\376\377\000G\000e\000s\000t\000i\000o\000n\000n\000a\000i\000r\000e\000\040\000d\000e\000\040\000S\000\351\000c\000u\000r\000i\000t\000\351}{subsection.1.5}% 19
\BOOKMARK [3][-]{subsubsection.1.5.3}{\376\377\000R\000\351\000s\000u\000m\000\351}{subsection.1.5}% 20
\BOOKMARK [2][-]{subsection.1.6}{\376\377\000D\000i\000a\000g\000r\000a\000m\000m\000e\000s\000\040\000d\000e\000\040\000c\000o\000n\000c\000e\000p\000t\000i\000o\000n}{section.1}% 21
\BOOKMARK [2][-]{subsection.1.7}{\376\377\000R\000M\000I\000\040\000C\000a\000l\000l\000b\000a\000c\000k}{section.1}% 22
\BOOKMARK [1][-]{section.2}{\376\377\000R\000\351\000a\000l\000i\000s\000a\000t\000i\000o\000n}{}% 23
